# JRE version: Java(TM) SE Runtime Environment (8.0_102-b14) (build 1.8.0_102-b14)
# Java VM: Java HotSpot(TM) 64-Bit Server VM (25.102-b14 mixed mode windows-amd64 compressed oops)
Heap:
 PSYoungGen      total 158208K, used 55784K [0x00000000eb380000, 0x00000000f6380000, 0x0000000100000000)
  eden space 143360K, 28% used [0x00000000eb380000,0x00000000edb7b310,0x00000000f3f80000)
  from space 14848K, 99% used [0x00000000f5080000,0x00000000f5efed60,0x00000000f5f00000)
  to   space 17408K, 0% used [0x00000000f3f80000,0x00000000f3f80000,0x00000000f5080000)
 ParOldGen       total 76288K, used 27260K [0x00000000c1a00000, 0x00000000c6480000, 0x00000000eb380000)
  object space 76288K, 35% used [0x00000000c1a00000,0x00000000c349f3e0,0x00000000c6480000)
 Metaspace       used 47460K, capacity 48148K, committed 48512K, reserved 1091584K
  class space    used 6056K, capacity 6228K, committed 6272K, reserved 1048576K
GC Heap History (10 events):
Event: 4.557 GC heap before
{Heap before GC invocations=10 (full 1):
 PSYoungGen      total 100864K, used 100741K [0x00000000eb380000, 0x00000000f3f80000, 0x0000000100000000)
  eden space 95744K, 100% used [0x00000000eb380000,0x00000000f1100000,0x00000000f1100000)
  from space 5120K, 97% used [0x00000000f3a80000,0x00000000f3f61510,0x00000000f3f80000)
  to   space 7168K, 0% used [0x00000000f3180000,0x00000000f3180000,0x00000000f3880000)
 ParOldGen       total 40960K, used 11787K [0x00000000c1a00000, 0x00000000c4200000, 0x00000000eb380000)
  object space 40960K, 28% used [0x00000000c1a00000,0x00000000c2582e28,0x00000000c4200000)
 Metaspace       used 26917K, capacity 27296K, committed 27392K, reserved 1073152K
  class space    used 3468K, capacity 3569K, committed 3584K, reserved 1048576K
Event: 4.572 GC heap after
Heap after GC invocations=10 (full 1):
 PSYoungGen      total 128512K, used 7149K [0x00000000eb380000, 0x00000000f3c00000, 0x0000000100000000)
  eden space 121344K, 0% used [0x00000000eb380000,0x00000000eb380000,0x00000000f2a00000)
  from space 7168K, 99% used [0x00000000f3180000,0x00000000f387b6e0,0x00000000f3880000)
  to   space 3584K, 0% used [0x00000000f3880000,0x00000000f3880000,0x00000000f3c00000)
 ParOldGen       total 40960K, used 15803K [0x00000000c1a00000, 0x00000000c4200000, 0x00000000eb380000)
  object space 40960K, 38% used [0x00000000c1a00000,0x00000000c296ef40,0x00000000c4200000)
 Metaspace       used 26917K, capacity 27296K, committed 27392K, reserved 1073152K
  class space    used 3468K, capacity 3569K, committed 3584K, reserved 1048576K
}
Event: 5.991 GC heap before
{Heap before GC invocations=11 (full 1):
 PSYoungGen      total 128512K, used 112128K [0x00000000eb380000, 0x00000000f3c00000, 0x0000000100000000)
  eden space 121344K, 86% used [0x00000000eb380000,0x00000000f1a04958,0x00000000f2a00000)
  from space 7168K, 99% used [0x00000000f3180000,0x00000000f387b6e0,0x00000000f3880000)
  to   space 3584K, 0% used [0x00000000f3880000,0x00000000f3880000,0x00000000f3c00000)
 ParOldGen       total 40960K, used 15803K [0x00000000c1a00000, 0x00000000c4200000, 0x00000000eb380000)
  object space 40960K, 38% used [0x00000000c1a00000,0x00000000c296ef40,0x00000000c4200000)
 Metaspace       used 34814K, capacity 35184K, committed 35416K, reserved 1081344K
  class space    used 4489K, capacity 4584K, committed 4608K, reserved 1048576K
Event: 6.008 GC heap after
Heap after GC invocations=11 (full 1):
 PSYoungGen      total 126464K, used 3552K [0x00000000eb380000, 0x00000000f6200000, 0x0000000100000000)
  eden space 122880K, 0% used [0x00000000eb380000,0x00000000eb380000,0x00000000f2b80000)
  from space 3584K, 99% used [0x00000000f3880000,0x00000000f3bf8020,0x00000000f3c00000)
  to   space 13312K, 0% used [0x00000000f2b80000,0x00000000f2b80000,0x00000000f3880000)
 ParOldGen       total 40960K, used 29226K [0x00000000c1a00000, 0x00000000c4200000, 0x00000000eb380000)
  object space 40960K, 71% used [0x00000000c1a00000,0x00000000c368a8a8,0x00000000c4200000)
 Metaspace       used 34814K, capacity 35184K, committed 35416K, reserved 1081344K
  class space    used 4489K, capacity 4584K, committed 4608K, reserved 1048576K
}
Event: 6.008 GC heap before
{Heap before GC invocations=12 (full 2):
 PSYoungGen      total 126464K, used 3552K [0x00000000eb380000, 0x00000000f6200000, 0x0000000100000000)
  eden space 122880K, 0% used [0x00000000eb380000,0x00000000eb380000,0x00000000f2b80000)
  from space 3584K, 99% used [0x00000000f3880000,0x00000000f3bf8020,0x00000000f3c00000)
  to   space 13312K, 0% used [0x00000000f2b80000,0x00000000f2b80000,0x00000000f3880000)
 ParOldGen       total 40960K, used 29226K [0x00000000c1a00000, 0x00000000c4200000, 0x00000000eb380000)
  object space 40960K, 71% used [0x00000000c1a00000,0x00000000c368a8a8,0x00000000c4200000)
 Metaspace       used 34814K, capacity 35184K, committed 35416K, reserved 1081344K
  class space    used 4489K, capacity 4584K, committed 4608K, reserved 1048576K
Event: 6.141 GC heap after
Heap after GC invocations=12 (full 2):
 PSYoungGen      total 126464K, used 0K [0x00000000eb380000, 0x00000000f6200000, 0x0000000100000000)
  eden space 122880K, 0% used [0x00000000eb380000,0x00000000eb380000,0x00000000f2b80000)
  from space 3584K, 0% used [0x00000000f3880000,0x00000000f3880000,0x00000000f3c00000)
  to   space 13312K, 0% used [0x00000000f2b80000,0x00000000f2b80000,0x00000000f3880000)
 ParOldGen       total 76288K, used 26272K [0x00000000c1a00000, 0x00000000c6480000, 0x00000000eb380000)
  object space 76288K, 34% used [0x00000000c1a00000,0x00000000c33a8068,0x00000000c6480000)
 Metaspace       used 34814K, capacity 35184K, committed 35416K, reserved 1081344K
  class space    used 4489K, capacity 4584K, committed 4608K, reserved 1048576K
}
Event: 8.171 GC heap before
{Heap before GC invocations=13 (full 2):
 PSYoungGen      total 126464K, used 122880K [0x00000000eb380000, 0x00000000f6200000, 0x0000000100000000)
  eden space 122880K, 100% used [0x00000000eb380000,0x00000000f2b80000,0x00000000f2b80000)
  from space 3584K, 0% used [0x00000000f3880000,0x00000000f3880000,0x00000000f3c00000)
  to   space 13312K, 0% used [0x00000000f2b80000,0x00000000f2b80000,0x00000000f3880000)
 ParOldGen       total 76288K, used 26272K [0x00000000c1a00000, 0x00000000c6480000, 0x00000000eb380000)
  object space 76288K, 34% used [0x00000000c1a00000,0x00000000c33a8068,0x00000000c6480000)
 Metaspace       used 43176K, capacity 43754K, committed 44160K, reserved 1087488K
  class space    used 5547K, capacity 5687K, committed 5760K, reserved 1048576K
Event: 8.188 GC heap after
Heap after GC invocations=13 (full 2):
 PSYoungGen      total 136192K, used 13305K [0x00000000eb380000, 0x00000000f5f00000, 0x0000000100000000)
  eden space 122880K, 0% used [0x00000000eb380000,0x00000000eb380000,0x00000000f2b80000)
  from space 13312K, 99% used [0x00000000f2b80000,0x00000000f387e488,0x00000000f3880000)
  to   space 14848K, 0% used [0x00000000f5080000,0x00000000f5080000,0x00000000f5f00000)
 ParOldGen       total 76288K, used 26477K [0x00000000c1a00000, 0x00000000c6480000, 0x00000000eb380000)
  object space 76288K, 34% used [0x00000000c1a00000,0x00000000c33db7f8,0x00000000c6480000)
 Metaspace       used 43176K, capacity 43754K, committed 44160K, reserved 1087488K
  class space    used 5547K, capacity 5687K, committed 5760K, reserved 1048576K
}
Event: 10.463 GC heap before
{Heap before GC invocations=14 (full 2):
 PSYoungGen      total 136192K, used 136185K [0x00000000eb380000, 0x00000000f5f00000, 0x0000000100000000)
  eden space 122880K, 100% used [0x00000000eb380000,0x00000000f2b80000,0x00000000f2b80000)
  from space 13312K, 99% used [0x00000000f2b80000,0x00000000f387e488,0x00000000f3880000)
  to   space 14848K, 0% used [0x00000000f5080000,0x00000000f5080000,0x00000000f5f00000)
 ParOldGen       total 76288K, used 26477K [0x00000000c1a00000, 0x00000000c6480000, 0x00000000eb380000)
  object space 76288K, 34% used [0x00000000c1a00000,0x00000000c33db7f8,0x00000000c6480000)
 Metaspace       used 46741K, capacity 47312K, committed 47616K, reserved 1091584K
  class space    used 5948K, capacity 6098K, committed 6144K, reserved 1048576K
Event: 10.492 GC heap after
Heap after GC invocations=14 (full 2):
 PSYoungGen      total 158208K, used 14843K [0x00000000eb380000, 0x00000000f6380000, 0x0000000100000000)
  eden space 143360K, 0% used [0x00000000eb380000,0x00000000eb380000,0x00000000f3f80000)
  from space 14848K, 99% used [0x00000000f5080000,0x00000000f5efed60,0x00000000f5f00000)
  to   space 17408K, 0% used [0x00000000f3f80000,0x00000000f3f80000,0x00000000f5080000)
 ParOldGen       total 76288K, used 27260K [0x00000000c1a00000, 0x00000000c6480000, 0x00000000eb380000)
  object space 76288K, 35% used [0x00000000c1a00000,0x00000000c349f3e0,0x00000000c6480000)
 Metaspace       used 46741K, capacity 47312K, committed 47616K, reserved 1091584K
  class space    used 5948K, capacity 6098K, committed 6144K, reserved 1048576K
}

